2018-11-15 16:12:38,696 ERROR [main] CRMPRO:39 - Properties file not found
2018-11-15 16:13:15,527  INFO [main] CRMPRO:35 - Properties file loaded
2018-11-15 16:15:10,801  INFO [main] CRMPRO:35 - Properties file loaded
2018-11-15 16:17:16,643  INFO [main] CRMPRO:35 - Properties file loaded
2018-11-15 16:19:32,384  INFO [main] CRMPRO:35 - Properties file loaded
2018-11-15 16:23:54,689  INFO [main] CRMPRO:35 - Properties file loaded
2018-11-15 16:25:27,323  INFO [main] CRMPRO:35 - Properties file loaded
2018-11-15 16:29:08,652  INFO [main] CRMPRO:35 - Properties file loaded
2018-11-15 16:45:03,319  INFO [main] CRMPRO:35 - Properties file loaded
2018-11-15 16:45:10,414  INFO [main] CRMPRO:54 - Chrome Browser opened
2018-11-15 16:45:10,437  INFO [main] CRMPRO:35 - Properties file loaded
2018-11-15 16:45:10,438  INFO [main] CRMPRO:66 - Listener initialized
2018-11-15 16:45:13,454  INFO [main] CRMPRO:72 - Opening URL
2018-11-15 16:45:13,455  INFO [main] CRMPRO:35 - Properties file loaded
2018-11-15 16:51:59,333  INFO [main] CRMPRO:35 - Properties file loaded
2018-11-15 16:55:03,666  INFO [main] CRMPRO:35 - Properties file loaded
2018-11-15 16:55:46,875  INFO [main] CRMPRO:35 - Properties file loaded
2018-11-15 16:56:22,188  INFO [main] CRMPRO:35 - Properties file loaded
2018-11-15 16:56:52,349  INFO [main] CRMPRO:35 - Properties file loaded
2018-11-15 16:59:09,059  INFO [main] CRMPRO:35 - Properties file loaded
2018-11-15 17:40:26,437  INFO [main] CRMPRO:35 - Properties file loaded
2018-11-15 17:48:40,553  INFO [main] CRMPRO:33 - Properties file loaded
2018-11-15 19:27:54,032  INFO [main] TestBase:34 - Properties file loaded
2018-11-15 19:27:59,790  INFO [main] TestBase:52 - Chrome Browser opened
2018-11-15 19:27:59,838  INFO [main] TestBase:34 - Properties file loaded
2018-11-15 19:27:59,838  INFO [main] TestBase:80 - Listener initialized
